#
# There is insufficient memory for the Java Runtime Environment to continue.
# Native memory allocation (malloc) failed to allocate 1048576 bytes for AllocateHeap
# Possible reasons:
#   The system is out of physical RAM or swap space
#   In 32 bit mode, the process size limit was hit
# Possible solutions:
#   Reduce memory load on the system
#   Increase physical memory or swap space
#   Check if swap backing store is full
#   Use 64 bit Java on a 64 bit OS
#   Decrease Java heap size (-Xmx/-Xms)
#   Decrease number of Java threads
#   Decrease Java thread stack sizes (-Xss)
#   Set larger code cache with -XX:ReservedCodeCacheSize=
# This output file may be truncated or incomplete.
#
#  Out of Memory Error (memory/allocation.inline.hpp:61), pid=3916, tid=4704
#
# JRE version:  (8.0_45-b14) (build )
# Java VM: Java HotSpot(TM) 64-Bit Server VM (25.45-b02 mixed mode windows-amd64 compressed oops)
# Failed to write core dump. Minidumps are not enabled by default on client versions of Windows
#

---------------  T H R E A D  ---------------

Current thread (0x000000000283e000):  JavaThread "Unknown thread" [_thread_in_vm, id=4704, stack(0x0000000002840000,0x0000000002940000)]

Stack: [0x0000000002840000,0x0000000002940000]
Native frames: (J=compiled Java code, j=interpreted, Vv=VM code, C=native code)
V  [jvm.dll+0x32b57a]


---------------  P R O C E S S  ---------------

Java Threads: ( => current thread )

Other Threads:

=>0x000000000283e000 (exited) JavaThread "Unknown thread" [_thread_in_vm, id=4704, stack(0x0000000002840000,0x0000000002940000)]

VM state:not at safepoint (normal execution)

VM Mutex/Monitor currently owned by a thread: None

Heap:
 PSYoungGen      total 17920K, used 307K [0x00000000ec600000, 0x00000000eda00000, 0x0000000100000000)
  eden space 15360K, 2% used [0x00000000ec600000,0x00000000ec64ccd8,0x00000000ed500000)
  from space 2560K, 0% used [0x00000000ed780000,0x00000000ed780000,0x00000000eda00000)
  to   space 2560K, 0% used [0x00000000ed500000,0x00000000ed500000,0x00000000ed780000)
 ParOldGen       total 40960K, used 0K [0x00000000c5200000, 0x00000000c7a00000, 0x00000000ec600000)
  object space 40960K, 0% used [0x00000000c5200000,0x00000000c5200000,0x00000000c7a00000)
 Metaspace       used 776K, capacity 4480K, committed 4480K, reserved 1056768K
  class space    used 75K, capacity 384K, committed 384K, reserved 1048576K

Card table byte_map: [0x0000000011e00000,0x0000000011fe0000] byte_map_base: 0x00000000117d7000

Marking Bits: (ParMarkBitMap*) 0x00000000755c4040
 Begin Bits: [0x0000000012520000, 0x00000000133d8000)
 End Bits:   [0x00000000133d8000, 0x0000000014290000)

Polling page: 0x0000000000fa0000

CodeCache: size=245760Kb used=327Kb max_used=327Kb free=245432Kb
 bounds [0x0000000002a40000, 0x0000000002cb0000, 0x0000000011a40000]
 total_blobs=56 nmethods=0 adapters=37
 compilation: enabled

Compilation events (0 events):
No events

GC Heap History (0 events):
No events

Deoptimization events (0 events):
No events

Internal exceptions (0 events):
No events

Events (10 events):
Event: 0.366 loading class java/lang/Short
Event: 0.367 loading class java/lang/Short done
Event: 0.367 loading class java/lang/Integer
Event: 0.367 loading class java/lang/Integer done
Event: 0.367 loading class java/lang/Long
Event: 0.367 loading class java/lang/Long done
Event: 0.368 loading class java/lang/NullPointerException
Event: 0.368 loading class java/lang/NullPointerException done
Event: 0.368 loading class java/lang/ArithmeticException
Event: 0.368 loading class java/lang/ArithmeticException done


Dynamic libraries:
0x00007ff6242c0000 - 0x00007ff6242f7000 	C:\Program Files\Java\jdk1.8.0_45\bin\java.exe
0x00007ff9f95c0000 - 0x00007ff9f9781000 	C:\WINDOWS\SYSTEM32\ntdll.dll
0x00007ff9f9220000 - 0x00007ff9f92cd000 	C:\WINDOWS\system32\KERNEL32.DLL
0x00007ff9f6ab0000 - 0x00007ff9f6c8d000 	C:\WINDOWS\system32\KERNELBASE.dll
0x00007ff9f8d20000 - 0x00007ff9f8dc6000 	C:\WINDOWS\system32\ADVAPI32.dll
0x00007ff9f6d10000 - 0x00007ff9f6dad000 	C:\WINDOWS\system32\msvcrt.dll
0x00007ff9f9110000 - 0x00007ff9f916b000 	C:\WINDOWS\system32\sechost.dll
0x00007ff9f8690000 - 0x00007ff9f87b6000 	C:\WINDOWS\system32\RPCRT4.dll
0x00007ff9f8e30000 - 0x00007ff9f8f7e000 	C:\WINDOWS\system32\USER32.dll
0x00007ff9f8f80000 - 0x00007ff9f9106000 	C:\WINDOWS\system32\GDI32.dll
0x00007ff9e9680000 - 0x00007ff9e98f4000 	C:\WINDOWS\WinSxS\amd64_microsoft.windows.common-controls_6595b64144ccf1df_6.0.10240.16384_none_f41f7b285750ef43\COMCTL32.dll
0x00007ff9f8970000 - 0x00007ff9f89a6000 	C:\WINDOWS\system32\IMM32.DLL
0x00007ff9f6f90000 - 0x00007ff9f70ec000 	C:\WINDOWS\system32\MSCTF.dll
0x0000000074ce0000 - 0x0000000074db2000 	C:\Program Files\Java\jdk1.8.0_45\jre\bin\msvcr100.dll
0x0000000074dc0000 - 0x0000000075643000 	C:\Program Files\Java\jdk1.8.0_45\jre\bin\server\jvm.dll
0x00007ff9f8960000 - 0x00007ff9f8968000 	C:\WINDOWS\system32\PSAPI.DLL
0x00007ff9ec5f0000 - 0x00007ff9ec5f9000 	C:\WINDOWS\SYSTEM32\WSOCK32.dll
0x00007ff9f4140000 - 0x00007ff9f4163000 	C:\WINDOWS\SYSTEM32\WINMM.dll
0x00007ff9f9550000 - 0x00007ff9f95b9000 	C:\WINDOWS\system32\WS2_32.dll
0x00007ff9f8680000 - 0x00007ff9f8688000 	C:\WINDOWS\system32\NSI.dll
0x00007ff9ee060000 - 0x00007ff9ee06a000 	C:\WINDOWS\SYSTEM32\VERSION.dll
0x00007ff9f40c0000 - 0x00007ff9f40ec000 	C:\WINDOWS\SYSTEM32\WINMMBASE.dll
0x00007ff9f6090000 - 0x00007ff9f60d4000 	C:\WINDOWS\system32\cfgmgr32.dll
0x00007ff9f4960000 - 0x00007ff9f4987000 	C:\WINDOWS\SYSTEM32\DEVOBJ.dll
0x0000000074c90000 - 0x0000000074c9f000 	C:\Program Files\Java\jdk1.8.0_45\jre\bin\verify.dll
0x0000000074c60000 - 0x0000000074c89000 	C:\Program Files\Java\jdk1.8.0_45\jre\bin\java.dll
0x00000000745f0000 - 0x0000000074625000 	C:\Program Files\Java\jdk1.8.0_45\jre\bin\jdwp.dll
0x0000000074a30000 - 0x0000000074a38000 	C:\Program Files\Java\jdk1.8.0_45\jre\bin\npt.dll
0x0000000074c40000 - 0x0000000074c56000 	C:\Program Files\Java\jdk1.8.0_45\jre\bin\zip.dll

VM Arguments:
jvm_args: -Xdebug -Xrunjdwp:transport=dt_shmem,address=javadebug -Dfile.encoding=UTF-8 
java_command: br.com.ctesop.gui.MenuPrincipal
java_class_path (initial): C:\Users\Lafayette\Desktop\Sistema\Projeto NetBeans\zeppelin\libs\mysql-connector-java-5.1.23-bin.jar;C:\Users\Lafayette\Desktop\Sistema\Projeto NetBeans\zeppelin\libs\substance-5.2.jar;C:\Users\Lafayette\Desktop\Sistema\Projeto NetBeans\zeppelin\build\classes
Launcher Type: SUN_STANDARD

Environment Variables:
JAVA_HOME=C:\Program Files\Java\jdk1.7.0_80
PATH=C:\ProgramData\Oracle\Java\javapath;C:\WINDOWS\system32;C:\WINDOWS;C:\WINDOWS\System32\Wbem;C:\WINDOWS\System32\WindowsPowerShell\v1.0\;C:\Program Files (x86)\MySQL\MySQL Server 5.5\bin
USERNAME=Lafayette
OS=Windows_NT
PROCESSOR_IDENTIFIER=Intel64 Family 6 Model 37 Stepping 5, GenuineIntel



---------------  S Y S T E M  ---------------

OS: Windows 10.0 , 64 bit Build 10240 (10.0.10240.16384)

CPU:total 4 (2 cores per cpu, 2 threads per core) family 6 model 37 stepping 5, cmov, cx8, fxsr, mmx, sse, sse2, sse3, ssse3, sse4.1, sse4.2, popcnt, ht, tsc, tscinvbit

Memory: 4k page, physical 3854776k(651888k free), swap 6703560k(5816k free)

vm_info: Java HotSpot(TM) 64-Bit Server VM (25.45-b02) for windows-amd64 JRE (1.8.0_45-b14), built on Apr 10 2015 10:34:15 by "java_re" with MS VC++ 10.0 (VS2010)

time: Tue Nov 03 15:09:18 2015
elapsed time: 0 seconds (0d 0h 0m 0s)

